<?xml version="1.0" encoding="utf-8"?><testsuites name="pytest tests"><testsuite name="pytest" errors="0" failures="0" skipped="0" tests="13" time="2.392" timestamp="2026-08-04T23:31:49.212707+00:00" hostname="agent-env-10e41e48-1186-41d5-ba76-66b3c3496e65"><testcase classname="backend.tests.test_connect_auth.TestCustomerLogin" name="test_customer_login_with_valid_email" time="0.166" /><testcase classname="backend.tests.test_connect_auth.TestCustomerLogin" name="test_customer_login_with_invalid_email" time="0.169" /><testcase classname="backend.tests.test_connect_auth.TestCustomerLogin" name="test_customer_login_email_case_insensitive" time="0.301" /><testcase classname="backend.tests.test_connect_auth.TestStaffLogin" name="test_admin_login_with_valid_credentials" time="0.105" /><testcase classname="backend.tests.test_connect_auth.TestStaffLogin" name="test_technician_login_with_valid_credentials" time="0.110" /><testcase classname="backend.tests.test_connect_auth.TestStaffLogin" name="test_staff_login_with_wrong_password" time="0.263" /><testcase classname="backend.tests.test_connect_auth.TestStaffLogin" name="test_staff_login_with_nonexistent_email" time="0.209" /><testcase classname="backend.tests.test_connect_auth.TestStaffLogin" name="test_fix_admin_endpoint_removed" time="0.205" /><testcase classname="backend.tests.test_connect_auth.TestConnectMe" name="test_get_current_customer_user" time="0.154" /><testcase classname="backend.tests.test_connect_auth.TestConnectMe" name="test_get_current_admin_user" time="0.150" /><testcase classname="backend.tests.test_connect_auth.TestConnectMe" name="test_get_current_user_without_token" time="0.144" /><testcase classname="backend.tests.test_connect_auth.TestConnectMe" name="test_get_current_user_with_invalid_token" time="0.129" /><testcase classname="backend.tests.test_connect_auth.TestConnectLogout" name="test_logout_invalidates_session" time="0.244" /></testsuite></testsuites>