<?xml version="1.0" encoding="utf-8"?><testsuites name="pytest tests"><testsuite name="pytest" errors="0" failures="0" skipped="0" tests="6" time="0.897" timestamp="2026-08-03T22:31:05.943971+00:00" hostname="agent-env-ac5a3674-2dbf-4a3e-9760-a7faa9b2e69e"><testcase classname="backend.tests.test_customer_portal.TestCustomerPortalWithTestCredentials" name="test_get_subscriptions_returns_active_subscription" time="0.134" /><testcase classname="backend.tests.test_customer_portal.TestCustomerPortalWithTestCredentials" name="test_subscription_has_correct_plan_details" time="0.118" /><testcase classname="backend.tests.test_customer_portal.TestCustomerPortalWithTestCredentials" name="test_subscription_has_correct_hours" time="0.109" /><testcase classname="backend.tests.test_customer_portal.TestCustomerPortalWithTestCredentials" name="test_get_interventions_returns_scheduled_intervention" time="0.107" /><testcase classname="backend.tests.test_customer_portal.TestCustomerPortalWithTestCredentials" name="test_subscription_details_endpoint" time="0.292" /><testcase classname="backend.tests.test_customer_portal.TestCustomerPortalWithTestCredentials" name="test_nonexistent_email_returns_empty_subscriptions" time="0.122" /></testsuite></testsuites>