<?xml version="1.0" encoding="utf-8"?><testsuites name="pytest tests"><testsuite name="pytest" errors="0" failures="0" skipped="0" tests="13" time="2.633" timestamp="2026-08-18T08:50:41.622378+00:00" hostname="agent-env-0ed79e08-25fa-4cb9-a7bc-d045ea8b4cfa"><testcase classname="backend.tests.test_site_inbound.TestSiteInboundAuth" name="test_missing_secret_returns_401" time="0.243" /><testcase classname="backend.tests.test_site_inbound.TestSiteInboundAuth" name="test_wrong_secret_returns_401" time="0.175" /><testcase classname="backend.tests.test_site_inbound.TestSiteInboundAuth" name="test_empty_secret_returns_401" time="0.213" /><testcase classname="backend.tests.test_site_inbound.TestSiteInboundUpsert" name="test_upsert_creates_new_entry" time="0.116" /><testcase classname="backend.tests.test_site_inbound.TestSiteInboundUpsert" name="test_upsert_updates_existing_entry" time="0.332" /><testcase classname="backend.tests.test_site_inbound.TestSiteInboundUpsert" name="test_upsert_requires_remote_entry_id_or_slug" time="0.116" /><testcase classname="backend.tests.test_site_inbound.TestSiteInboundDelete" name="test_delete_existing_entry" time="0.316" /><testcase classname="backend.tests.test_site_inbound.TestSiteInboundDelete" name="test_delete_nonexistent_entry_returns_404" time="0.125" /><testcase classname="backend.tests.test_site_inbound.TestSiteInboundDelete" name="test_delete_already_deleted_entry_returns_404" time="0.365" /><testcase classname="backend.tests.test_site_inbound.TestSiteInboundEdgeCases" name="test_upsert_with_only_slug" time="0.113" /><testcase classname="backend.tests.test_site_inbound.TestSiteInboundEdgeCases" name="test_upsert_with_only_remote_entry_id" time="0.131" /><testcase classname="backend.tests.test_site_inbound.TestSiteInboundEdgeCases" name="test_upsert_with_sections_array" time="0.112" /><testcase classname="backend.tests.test_site_inbound.TestSiteInboundEdgeCases" name="test_delete_by_slug_only" time="0.238" /></testsuite></testsuites>