<?xml version="1.0" encoding="utf-8"?><testsuites name="pytest tests"><testsuite name="pytest" errors="0" failures="0" skipped="0" tests="7" time="1.502" timestamp="2026-08-05T00:12:06.157228+00:00" hostname="agent-env-10e41e48-1186-41d5-ba76-66b3c3496e65"><testcase classname="backend.tests.test_admin_technicians.TestAdminTechniciansFlow" name="test_admin_login" time="0.244" /><testcase classname="backend.tests.test_admin_technicians.TestAdminTechniciansFlow" name="test_create_technician_json_body" time="0.115" /><testcase classname="backend.tests.test_admin_technicians.TestAdminTechniciansFlow" name="test_list_technicians_contains_new" time="0.126" /><testcase classname="backend.tests.test_admin_technicians.TestAdminTechniciansFlow" name="test_no_test_data_present" time="0.144" /><testcase classname="backend.tests.test_admin_technicians.TestAdminTechniciansFlow" name="test_new_technician_can_login" time="0.648" /><testcase classname="backend.tests.test_admin_technicians.TestAdminTechniciansFlow" name="test_duplicate_email_rejected" time="0.105" /><testcase classname="backend.tests.test_admin_technicians.TestAdminTechniciansFlow" name="test_create_technician_requires_admin" time="0.097" /></testsuite></testsuites>