<?xml version="1.0" encoding="utf-8"?><testsuites name="pytest tests"><testsuite name="pytest" errors="0" failures="0" skipped="0" tests="52" time="22.705" timestamp="2026-08-04T13:41:59.707239+00:00" hostname="agent-env-ac5a3674-2dbf-4a3e-9760-a7faa9b2e69e"><testcase classname="backend.tests.test_connect_auth.TestCustomerLogin" name="test_customer_login_with_valid_email" time="7.193" /><testcase classname="backend.tests.test_connect_auth.TestCustomerLogin" name="test_customer_login_with_invalid_email" time="0.237" /><testcase classname="backend.tests.test_connect_auth.TestCustomerLogin" name="test_customer_login_email_case_insensitive" time="0.183" /><testcase classname="backend.tests.test_connect_auth.TestStaffLogin" name="test_admin_login_with_valid_credentials" time="0.120" /><testcase classname="backend.tests.test_connect_auth.TestStaffLogin" name="test_technician_login_with_valid_credentials" time="0.203" /><testcase classname="backend.tests.test_connect_auth.TestStaffLogin" name="test_staff_login_with_wrong_password" time="0.356" /><testcase classname="backend.tests.test_connect_auth.TestStaffLogin" name="test_staff_login_with_nonexistent_email" time="0.340" /><testcase classname="backend.tests.test_connect_auth.TestConnectMe" name="test_get_current_customer_user" time="0.496" /><testcase classname="backend.tests.test_connect_auth.TestConnectMe" name="test_get_current_admin_user" time="0.378" /><testcase classname="backend.tests.test_connect_auth.TestConnectMe" name="test_get_current_user_without_token" time="0.335" /><testcase classname="backend.tests.test_connect_auth.TestConnectMe" name="test_get_current_user_with_invalid_token" time="0.127" /><testcase classname="backend.tests.test_connect_auth.TestConnectLogout" name="test_logout_invalidates_session" time="0.383" /><testcase classname="backend.tests.test_customer_portal.TestCustomerPortalWithTestCredentials" name="test_get_subscriptions_returns_active_subscription" time="0.104" /><testcase classname="backend.tests.test_customer_portal.TestCustomerPortalWithTestCredentials" name="test_subscription_has_correct_plan_details" time="0.123" /><testcase classname="backend.tests.test_customer_portal.TestCustomerPortalWithTestCredentials" name="test_subscription_has_correct_hours" time="0.119" /><testcase classname="backend.tests.test_customer_portal.TestCustomerPortalWithTestCredentials" name="test_get_interventions_returns_scheduled_intervention" time="0.152" /><testcase classname="backend.tests.test_customer_portal.TestCustomerPortalWithTestCredentials" name="test_subscription_details_endpoint" time="0.245" /><testcase classname="backend.tests.test_customer_portal.TestCustomerPortalWithTestCredentials" name="test_nonexistent_email_returns_empty_subscriptions" time="0.116" /><testcase classname="backend.tests.test_stripe_integration.TestStripeConfig" name="test_get_stripe_config_returns_publishable_key" time="0.114" /><testcase classname="backend.tests.test_stripe_integration.TestStripeConfig" name="test_stripe_config_key_format" time="0.123" /><testcase classname="backend.tests.test_stripe_integration.TestPaymentMethods" name="test_get_payment_methods_returns_options" time="0.133" /><testcase classname="backend.tests.test_stripe_integration.TestPaymentMethods" name="test_card_payment_method_details" time="0.110" /><testcase classname="backend.tests.test_stripe_integration.TestSubscriptionPlans" name="test_get_subscription_plans_returns_three_plans" time="0.117" /><testcase classname="backend.tests.test_stripe_integration.TestSubscriptionPlans" name="test_essencial_plan_details_monthly" time="0.123" /><testcase classname="backend.tests.test_stripe_integration.TestSubscriptionPlans" name="test_essencial_plan_details_annual" time="0.137" /><testcase classname="backend.tests.test_stripe_integration.TestSubscriptionPlans" name="test_preventivo_plan_details_monthly" time="0.117" /><testcase classname="backend.tests.test_stripe_integration.TestSubscriptionPlans" name="test_preventivo_plan_details_annual" time="0.119" /><testcase classname="backend.tests.test_stripe_integration.TestSubscriptionPlans" name="test_total_plan_details_monthly" time="0.118" /><testcase classname="backend.tests.test_stripe_integration.TestSubscriptionPlans" name="test_total_plan_details_annual" time="0.112" /><testcase classname="backend.tests.test_stripe_integration.TestSubscriptionSession" name="test_create_subscription_session_essencial" time="1.055" /><testcase classname="backend.tests.test_stripe_integration.TestSubscriptionSession" name="test_create_subscription_session_preventivo" time="0.854" /><testcase classname="backend.tests.test_stripe_integration.TestSubscriptionSession" name="test_create_subscription_session_total" time="0.619" /><testcase classname="backend.tests.test_stripe_integration.TestSubscriptionSession" name="test_create_subscription_session_invalid_plan" time="0.226" /><testcase classname="backend.tests.test_stripe_integration.TestSubscriptionSession" name="test_create_subscription_session_essencial_annual" time="0.574" /><testcase classname="backend.tests.test_stripe_integration.TestSubscriptionSession" name="test_create_subscription_session_preventivo_annual" time="0.699" /><testcase classname="backend.tests.test_stripe_integration.TestSubscriptionSession" name="test_create_subscription_session_total_annual" time="0.732" /><testcase classname="backend.tests.test_stripe_integration.TestCustomerPortal" name="test_get_customer_subscriptions" time="0.500" /><testcase classname="backend.tests.test_stripe_integration.TestCustomerPortal" name="test_get_customer_interventions" time="0.173" /><testcase classname="backend.tests.test_stripe_integration.TestCustomerPortal" name="test_create_portal_session_no_subscription" time="0.106" /><testcase classname="backend.tests.test_stripe_integration.TestCustomerPortal" name="test_get_customer_payments" time="0.113" /><testcase classname="backend.tests.test_stripe_integration.TestStripeCheckoutSession" name="test_create_checkout_session_success" time="0.448" /><testcase classname="backend.tests.test_stripe_integration.TestStripeCheckoutSession" name="test_create_checkout_session_with_multiple_items" time="0.684" /><testcase classname="backend.tests.test_stripe_integration.TestStripeCheckoutSession" name="test_create_checkout_session_with_custom_order_id" time="0.506" /><testcase classname="backend.tests.test_stripe_integration.TestStripeCheckoutSession" name="test_create_checkout_session_with_metadata" time="0.467" /><testcase classname="backend.tests.test_stripe_integration.TestStripeCheckoutSession" name="test_create_checkout_session_missing_required_fields" time="0.148" /><testcase classname="backend.tests.test_stripe_integration.TestStripeSessionStatus" name="test_get_session_status_valid_session" time="0.681" /><testcase classname="backend.tests.test_stripe_integration.TestStripeSessionStatus" name="test_get_session_status_invalid_session" time="0.214" /><testcase classname="backend.tests.test_stripe_integration.TestPaymentsEndpoints" name="test_list_payments" time="0.123" /><testcase classname="backend.tests.test_stripe_integration.TestPaymentsEndpoints" name="test_get_payment_details_by_id" time="0.655" /><testcase classname="backend.tests.test_stripe_integration.TestPaymentsEndpoints" name="test_get_payment_details_invalid_id" time="0.123" /><testcase classname="backend.tests.test_stripe_integration.TestAPIBasics" name="test_api_root" time="0.134" /><testcase classname="backend.tests.test_stripe_integration.TestAPIBasics" name="test_status_endpoint" time="0.137" /></testsuite></testsuites>